<?xml version="1.0" encoding="UTF-8"?>
<!-- Generated by org.testng.reporters.JUnitReportReporter -->
<testsuite hostname="Titas-Laptop" failures="0" tests="1" name="com.ws.testcases.Homepagetest" time="12.250" errors="0" timestamp="2024-02-22T13:02:38 MST" skipped="0">
  <testcase classname="com.ws.testcases.Homepagetest" name="testHomePageTitle" time="12.250"/>
  <system-out/>
</testsuite> <!-- com.ws.testcases.Homepagetest -->
