<?xml version="1.0" encoding="UTF-8"?>
<!-- Generated by org.testng.reporters.JUnitReportReporter -->
<testsuite hostname="Titas-Laptop" failures="0" tests="1" name="com.ws.base.Drivermanager" time="17.772" errors="0" timestamp="2024-02-22T09:31:02 MST" skipped="0">
  <testcase classname="com.ws.base.Drivermanager" name="InitApplication" time="17.772"/>
  <system-out/>
</testsuite> <!-- com.ws.base.Drivermanager -->
