<?xml version="1.0" encoding="UTF-8"?>
<!-- Generated by org.testng.reporters.JUnitReportReporter -->
<testsuite hostname="Titas-Laptop" failures="0" tests="2" name="com.ws.testcases.Pagetests" time="37.648" errors="0" timestamp="2024-02-22T16:48:25 MST" skipped="1">
  <testcase classname="com.ws.testcases.Pagetests" name="Testloginfunction" time="37.648"/>
  <system-out/>
  <testcase classname="com.ws.testcases.Pagetests" name="testHomePageTitle">
    <skipped/>
  </testcase> <!-- testHomePageTitle -->
  <system-out/>
</testsuite> <!-- com.ws.testcases.Pagetests -->
